Project-Chatifier/app/build/intermediates/manifest_merge_blame_file/debug/manifest-merger-blame-debug-report.txt
1<?xml version="1.0" encoding="utf-8"?>
2<manifest xmlns:android="http://schemas.android.com/apk/res/android"
3    package="com.example.myfirstapplication"
4    android:versionCode="1"
5    android:versionName="1.0" >
6
7    <uses-sdk
8        android:minSdkVersion="24"
9        android:targetSdkVersion="33" />
10
11    <uses-permission android:name="android.permission.INTERNET" />
11-->[com.github.OMARIHAMZA:StoryView:1.0.2-alpha] AndroidManifest.xml:11:5-67
11-->[com.github.OMARIHAMZA:StoryView:1.0.2-alpha] AndroidManifest.xml:11:22-64
12    <uses-permission android:name="android.permission.ACCESS_NETWORK_STATE" />
12-->[com.google.firebase:firebase-auth:22.1.2] AndroidManifest.xml:26:5-79
12-->[com.google.firebase:firebase-auth:22.1.2] AndroidManifest.xml:26:22-76
13
14    <permission
14-->[androidx.core:core:1.9.0] AndroidManifest.xml:22:5-24:47
15        android:name="com.example.myfirstapplication.DYNAMIC_RECEIVER_NOT_EXPORTED_PERMISSION"
15-->[androidx.core:core:1.9.0] AndroidManifest.xml:23:9-81
16        android:protectionLevel="signature" />
16-->[androidx.core:core:1.9.0] AndroidManifest.xml:24:9-44
17
18    <uses-permission android:name="com.example.myfirstapplication.DYNAMIC_RECEIVER_NOT_EXPORTED_PERMISSION" />
18-->[androidx.core:core:1.9.0] AndroidManifest.xml:26:5-97
18-->[androidx.core:core:1.9.0] AndroidManifest.xml:26:22-94
19
20    <application
20-->src\main\AndroidManifest.xml:5:5-37:19
21        android:allowBackup="true"
21-->src\main\AndroidManifest.xml:6:9-35
22        android:appComponentFactory="androidx.core.app.CoreComponentFactory"
22-->[androidx.core:core:1.9.0] AndroidManifest.xml:28:18-86
23        android:dataExtractionRules="@xml/data_extraction_rules"
23-->src\main\AndroidManifest.xml:7:9-65
24        android:debuggable="true"
25        android:extractNativeLibs="false"
26        android:fullBackupContent="@xml/backup_rules"
26-->src\main\AndroidManifest.xml:8:9-54
27        android:icon="@drawable/communication"
27-->src\main\AndroidManifest.xml:9:9-47
28        android:label="Chatifyer"
28-->src\main\AndroidManifest.xml:10:9-34
29        android:roundIcon="@drawable/communication"
29-->src\main\AndroidManifest.xml:11:9-52
30        android:supportsRtl="true"
30-->src\main\AndroidManifest.xml:12:9-35
31        android:testOnly="true"
32        android:theme="@style/Theme.MyFirstApplication" >
32-->src\main\AndroidManifest.xml:13:9-56
33        <activity
33-->src\main\AndroidManifest.xml:15:9-23:20
34            android:name="com.example.myfirstapplication.SplashActivity"
34-->src\main\AndroidManifest.xml:16:13-43
35            android:exported="true" >
35-->src\main\AndroidManifest.xml:17:13-36
36            <intent-filter>
36-->src\main\AndroidManifest.xml:18:13-22:29
37                <action android:name="android.intent.action.MAIN" />
37-->src\main\AndroidManifest.xml:19:17-69
37-->src\main\AndroidManifest.xml:19:25-66
38
39                <category android:name="android.intent.category.LAUNCHER" />
39-->src\main\AndroidManifest.xml:21:17-77
39-->src\main\AndroidManifest.xml:21:27-74
40            </intent-filter>
41        </activity>
42        <activity
42-->src\main\AndroidManifest.xml:24:9-26:40
43            android:name="com.example.myfirstapplication.MessengerActivity"
43-->src\main\AndroidManifest.xml:25:13-46
44            android:exported="false" />
44-->src\main\AndroidManifest.xml:26:13-37
45        <activity
45-->src\main\AndroidManifest.xml:27:9-29:40
46            android:name="com.example.myfirstapplication.ChatBox"
46-->src\main\AndroidManifest.xml:28:13-36
47            android:exported="false" />
47-->src\main\AndroidManifest.xml:29:13-37
48        <activity
48-->src\main\AndroidManifest.xml:30:9-32:40
49            android:name="com.example.myfirstapplication.MainActivity"
49-->src\main\AndroidManifest.xml:31:13-41
50            android:exported="false" />
50-->src\main\AndroidManifest.xml:32:13-37
51        <activity
51-->src\main\AndroidManifest.xml:33:9-35:39
52            android:name="com.example.myfirstapplication.Login"
52-->src\main\AndroidManifest.xml:34:13-34
53            android:exported="false" />
53-->src\main\AndroidManifest.xml:35:13-37
54        <activity
54-->[com.google.firebase:firebase-auth:22.1.2] AndroidManifest.xml:29:9-46:20
55            android:name="com.google.firebase.auth.internal.GenericIdpActivity"
55-->[com.google.firebase:firebase-auth:22.1.2] AndroidManifest.xml:30:13-80
56            android:excludeFromRecents="true"
56-->[com.google.firebase:firebase-auth:22.1.2] AndroidManifest.xml:31:13-46
57            android:exported="true"
57-->[com.google.firebase:firebase-auth:22.1.2] AndroidManifest.xml:32:13-36
58            android:launchMode="singleTask"
58-->[com.google.firebase:firebase-auth:22.1.2] AndroidManifest.xml:33:13-44
59            android:theme="@android:style/Theme.Translucent.NoTitleBar" >
59-->[com.google.firebase:firebase-auth:22.1.2] AndroidManifest.xml:34:13-72
60            <intent-filter>
60-->[com.google.firebase:firebase-auth:22.1.2] AndroidManifest.xml:35:13-45:29
61                <action android:name="android.intent.action.VIEW" />
61-->[com.google.firebase:firebase-auth:22.1.2] AndroidManifest.xml:36:17-69
61-->[com.google.firebase:firebase-auth:22.1.2] AndroidManifest.xml:36:25-66
62
63                <category android:name="android.intent.category.DEFAULT" />
63-->[com.google.firebase:firebase-auth:22.1.2] AndroidManifest.xml:38:17-76
63-->[com.google.firebase:firebase-auth:22.1.2] AndroidManifest.xml:38:27-73
64                <category android:name="android.intent.category.BROWSABLE" />
64-->[com.google.firebase:firebase-auth:22.1.2] AndroidManifest.xml:39:17-78
64-->[com.google.firebase:firebase-auth:22.1.2] AndroidManifest.xml:39:27-75
65
66                <data
66-->[com.google.firebase:firebase-auth:22.1.2] AndroidManifest.xml:41:17-44:51
67                    android:host="firebase.auth"
67-->[com.google.firebase:firebase-auth:22.1.2] AndroidManifest.xml:42:21-49
68                    android:path="/"
68-->[com.google.firebase:firebase-auth:22.1.2] AndroidManifest.xml:43:21-37
69                    android:scheme="genericidp" />
69-->[com.google.firebase:firebase-auth:22.1.2] AndroidManifest.xml:44:21-48
70            </intent-filter>
71        </activity>
72        <activity
72-->[com.google.firebase:firebase-auth:22.1.2] AndroidManifest.xml:47:9-64:20
73            android:name="com.google.firebase.auth.internal.RecaptchaActivity"
73-->[com.google.firebase:firebase-auth:22.1.2] AndroidManifest.xml:48:13-79
74            android:excludeFromRecents="true"
74-->[com.google.firebase:firebase-auth:22.1.2] AndroidManifest.xml:49:13-46
75            android:exported="true"
75-->[com.google.firebase:firebase-auth:22.1.2] AndroidManifest.xml:50:13-36
76            android:launchMode="singleTask"
76-->[com.google.firebase:firebase-auth:22.1.2] AndroidManifest.xml:51:13-44
77            android:theme="@android:style/Theme.Translucent.NoTitleBar" >
77-->[com.google.firebase:firebase-auth:22.1.2] AndroidManifest.xml:52:13-72
78            <intent-filter>
78-->[com.google.firebase:firebase-auth:22.1.2] AndroidManifest.xml:53:13-63:29
79                <action android:name="android.intent.action.VIEW" />
79-->[com.google.firebase:firebase-auth:22.1.2] AndroidManifest.xml:36:17-69
79-->[com.google.firebase:firebase-auth:22.1.2] AndroidManifest.xml:36:25-66
80
81                <category android:name="android.intent.category.DEFAULT" />
81-->[com.google.firebase:firebase-auth:22.1.2] AndroidManifest.xml:38:17-76
81-->[com.google.firebase:firebase-auth:22.1.2] AndroidManifest.xml:38:27-73
82                <category android:name="android.intent.category.BROWSABLE" />
82-->[com.google.firebase:firebase-auth:22.1.2] AndroidManifest.xml:39:17-78
82-->[com.google.firebase:firebase-auth:22.1.2] AndroidManifest.xml:39:27-75
83
84                <data
84-->[com.google.firebase:firebase-auth:22.1.2] AndroidManifest.xml:41:17-44:51
85                    android:host="firebase.auth"
85-->[com.google.firebase:firebase-auth:22.1.2] AndroidManifest.xml:42:21-49
86                    android:path="/"
86-->[com.google.firebase:firebase-auth:22.1.2] AndroidManifest.xml:43:21-37
87                    android:scheme="recaptcha" />
87-->[com.google.firebase:firebase-auth:22.1.2] AndroidManifest.xml:44:21-48
88            </intent-filter>
89        </activity>
90
91        <service
91-->[com.google.firebase:firebase-auth:22.1.2] AndroidManifest.xml:66:9-72:19
92            android:name="com.google.firebase.components.ComponentDiscoveryService"
92-->[com.google.firebase:firebase-auth:22.1.2] AndroidManifest.xml:67:13-84
93            android:directBootAware="true"
93-->[com.google.firebase:firebase-common:20.3.3] AndroidManifest.xml:34:13-43
94            android:exported="false" >
94-->[com.google.firebase:firebase-auth:22.1.2] AndroidManifest.xml:68:13-37
95            <meta-data
95-->[com.google.firebase:firebase-auth:22.1.2] AndroidManifest.xml:69:13-71:85
96                android:name="com.google.firebase.components:com.google.firebase.auth.FirebaseAuthRegistrar"
96-->[com.google.firebase:firebase-auth:22.1.2] AndroidManifest.xml:70:17-109
97                android:value="com.google.firebase.components.ComponentRegistrar" />
97-->[com.google.firebase:firebase-auth:22.1.2] AndroidManifest.xml:71:17-82
98            <meta-data
98-->[com.google.firebase:firebase-database:20.2.2] AndroidManifest.xml:31:13-33:85
99                android:name="com.google.firebase.components:com.google.firebase.database.DatabaseRegistrar"
99-->[com.google.firebase:firebase-database:20.2.2] AndroidManifest.xml:32:17-109
100                android:value="com.google.firebase.components.ComponentRegistrar" />
100-->[com.google.firebase:firebase-database:20.2.2] AndroidManifest.xml:33:17-82
101            <meta-data
101-->[com.google.firebase:firebase-storage:20.2.1] AndroidManifest.xml:32:13-34:85
102                android:name="com.google.firebase.components:com.google.firebase.storage.StorageRegistrar"
102-->[com.google.firebase:firebase-storage:20.2.1] AndroidManifest.xml:33:17-107
103                android:value="com.google.firebase.components.ComponentRegistrar" />
103-->[com.google.firebase:firebase-storage:20.2.1] AndroidManifest.xml:34:17-82
104        </service>
105
106        <provider
106-->[com.squareup.picasso:picasso:2.8] AndroidManifest.xml:8:9-11:40
107            android:name="com.squareup.picasso.PicassoProvider"
107-->[com.squareup.picasso:picasso:2.8] AndroidManifest.xml:9:13-64
108            android:authorities="com.example.myfirstapplication.com.squareup.picasso"
108-->[com.squareup.picasso:picasso:2.8] AndroidManifest.xml:10:13-72
109            android:exported="false" />
109-->[com.squareup.picasso:picasso:2.8] AndroidManifest.xml:11:13-37
110        <provider
110-->[com.google.firebase:firebase-common:20.3.3] AndroidManifest.xml:25:9-30:39
111            android:name="com.google.firebase.provider.FirebaseInitProvider"
111-->[com.google.firebase:firebase-common:20.3.3] AndroidManifest.xml:26:13-77
112            android:authorities="com.example.myfirstapplication.firebaseinitprovider"
112-->[com.google.firebase:firebase-common:20.3.3] AndroidManifest.xml:27:13-72
113            android:directBootAware="true"
113-->[com.google.firebase:firebase-common:20.3.3] AndroidManifest.xml:28:13-43
114            android:exported="false"
114-->[com.google.firebase:firebase-common:20.3.3] AndroidManifest.xml:29:13-37
115            android:initOrder="100" />
115-->[com.google.firebase:firebase-common:20.3.3] AndroidManifest.xml:30:13-36
116
117        <activity
117-->[com.google.android.gms:play-services-base:18.1.0] AndroidManifest.xml:20:9-22:45
118            android:name="com.google.android.gms.common.api.GoogleApiActivity"
118-->[com.google.android.gms:play-services-base:18.1.0] AndroidManifest.xml:20:19-85
119            android:exported="false"
119-->[com.google.android.gms:play-services-base:18.1.0] AndroidManifest.xml:22:19-43
120            android:theme="@android:style/Theme.Translucent.NoTitleBar" />
120-->[com.google.android.gms:play-services-base:18.1.0] AndroidManifest.xml:21:19-78
121
122        <meta-data
122-->[com.google.android.gms:play-services-basement:18.1.0] AndroidManifest.xml:21:9-23:69
123            android:name="com.google.android.gms.version"
123-->[com.google.android.gms:play-services-basement:18.1.0] AndroidManifest.xml:22:13-58
124            android:value="@integer/google_play_services_version" />
124-->[com.google.android.gms:play-services-basement:18.1.0] AndroidManifest.xml:23:13-66
125
126        <provider
126-->[androidx.emoji2:emoji2:1.2.0] AndroidManifest.xml:24:9-32:20
127            android:name="androidx.startup.InitializationProvider"
127-->[androidx.emoji2:emoji2:1.2.0] AndroidManifest.xml:25:13-67
128            android:authorities="com.example.myfirstapplication.androidx-startup"
128-->[androidx.emoji2:emoji2:1.2.0] AndroidManifest.xml:26:13-68
129            android:exported="false" >
129-->[androidx.emoji2:emoji2:1.2.0] AndroidManifest.xml:27:13-37
130            <meta-data
130-->[androidx.emoji2:emoji2:1.2.0] AndroidManifest.xml:29:13-31:52
131                android:name="androidx.emoji2.text.EmojiCompatInitializer"
131-->[androidx.emoji2:emoji2:1.2.0] AndroidManifest.xml:30:17-75
132                android:value="androidx.startup" />
132-->[androidx.emoji2:emoji2:1.2.0] AndroidManifest.xml:31:17-49
133            <meta-data
133-->[androidx.lifecycle:lifecycle-process:2.4.1] AndroidManifest.xml:31:13-33:52
134                android:name="androidx.lifecycle.ProcessLifecycleInitializer"
134-->[androidx.lifecycle:lifecycle-process:2.4.1] AndroidManifest.xml:32:17-78
135                android:value="androidx.startup" />
135-->[androidx.lifecycle:lifecycle-process:2.4.1] AndroidManifest.xml:33:17-49
136        </provider>
137    </application>
138
139</manifest>